
dictionary: system execution failed.
Following is the set of recorded exceptions:

******************************** Thread exception *****************************
In thread           Root thread            0x0 (thread id)
*******************************************************************************
-------------------------------------------------------------------------------
Class / Object      Routine                Nature of exception           Effect
-------------------------------------------------------------------------------
ARRAY               item @4                index_small_enough:          
<00000000040056B8>                         Runtime check violated.       Fail
-------------------------------------------------------------------------------
ARRAY               item @4                                             
<00000000040056B8>                         Routine failure.              Fail
-------------------------------------------------------------------------------
DICTIONARY          model @4                                            
<0000000004005668>                         Routine failure.              Fail
-------------------------------------------------------------------------------
DICTIONARY          make @5                empty_model:                 
<0000000004005668>                         Postcondition violated.       Fail
-------------------------------------------------------------------------------
DICTIONARY          make @5                                             
<0000000004005668>                         Routine failure.              Fail
-------------------------------------------------------------------------------
EXAMPLE_DICTIONARY_TESTS
                    make @1                
<0000000004005608>                         Routine failure.              Fail
-------------------------------------------------------------------------------
TEST_DICTIONARY     make @1                                             
<00000000040055A8>                         Routine failure.              Fail
-------------------------------------------------------------------------------
TEST_DICTIONARY     root's creation                                     
<00000000040055A8>                         Routine failure.              Exit
-------------------------------------------------------------------------------

dictionary: system execution failed.
Following is the set of recorded exceptions:

******************************** Thread exception *****************************
In thread           Root thread            0x0 (thread id)
*******************************************************************************
-------------------------------------------------------------------------------
Class / Object      Routine                Nature of exception           Effect
-------------------------------------------------------------------------------
ARRAY               item @4                index_small_enough:          
<00000000043986B8>                         Runtime check violated.       Fail
-------------------------------------------------------------------------------
ARRAY               item @4                                             
<00000000043986B8>                         Routine failure.              Fail
-------------------------------------------------------------------------------
DICTIONARY          model @4                                            
<0000000004398668>                         Routine failure.              Fail
-------------------------------------------------------------------------------
DICTIONARY          make @5                empty_model:                 
<0000000004398668>                         Postcondition violated.       Fail
-------------------------------------------------------------------------------
DICTIONARY          make @5                                             
<0000000004398668>                         Routine failure.              Fail
-------------------------------------------------------------------------------
EXAMPLE_DICTIONARY_TESTS
                    make @1                
<0000000004398608>                         Routine failure.              Fail
-------------------------------------------------------------------------------
TEST_DICTIONARY     make @1                                             
<00000000043985A8>                         Routine failure.              Fail
-------------------------------------------------------------------------------
TEST_DICTIONARY     root's creation                                     
<00000000043985A8>                         Routine failure.              Exit
-------------------------------------------------------------------------------

dictionary: system execution failed.
Following is the set of recorded exceptions:

******************************** Thread exception *****************************
In thread           Root thread            0x0 (thread id)
*******************************************************************************
-------------------------------------------------------------------------------
Class / Object      Routine                Nature of exception           Effect
-------------------------------------------------------------------------------
ARRAY               item @4                index_small_enough:          
<000000000419F6B8>                         Runtime check violated.       Fail
-------------------------------------------------------------------------------
ARRAY               item @4                                             
<000000000419F6B8>                         Routine failure.              Fail
-------------------------------------------------------------------------------
DICTIONARY          model @4                                            
<000000000419F668>                         Routine failure.              Fail
-------------------------------------------------------------------------------
DICTIONARY          make @5                empty_model:                 
<000000000419F668>                         Postcondition violated.       Fail
-------------------------------------------------------------------------------
DICTIONARY          make @5                                             
<000000000419F668>                         Routine failure.              Fail
-------------------------------------------------------------------------------
EXAMPLE_DICTIONARY_TESTS
                    make @1                
<000000000419F608>                         Routine failure.              Fail
-------------------------------------------------------------------------------
TEST_DICTIONARY     make @1                                             
<000000000419F5A8>                         Routine failure.              Fail
-------------------------------------------------------------------------------
TEST_DICTIONARY     root's creation                                     
<000000000419F5A8>                         Routine failure.              Exit
-------------------------------------------------------------------------------

dictionary: system execution failed.
Following is the set of recorded exceptions:

******************************** Thread exception *****************************
In thread           Root thread            0x0 (thread id)
*******************************************************************************
-------------------------------------------------------------------------------
Class / Object      Routine                Nature of exception           Effect
-------------------------------------------------------------------------------
ARRAY               item @4                index_small_enough:          
<00000000041736B8>                         Runtime check violated.       Fail
-------------------------------------------------------------------------------
ARRAY               item @4                                             
<00000000041736B8>                         Routine failure.              Fail
-------------------------------------------------------------------------------
DICTIONARY          model @4                                            
<0000000004173668>                         Routine failure.              Fail
-------------------------------------------------------------------------------
DICTIONARY          make @5                empty_model:                 
<0000000004173668>                         Postcondition violated.       Fail
-------------------------------------------------------------------------------
DICTIONARY          make @5                                             
<0000000004173668>                         Routine failure.              Fail
-------------------------------------------------------------------------------
EXAMPLE_DICTIONARY_TESTS
                    make @1                
<0000000004173608>                         Routine failure.              Fail
-------------------------------------------------------------------------------
TEST_DICTIONARY     make @1                                             
<00000000041735A8>                         Routine failure.              Fail
-------------------------------------------------------------------------------
TEST_DICTIONARY     root's creation                                     
<00000000041735A8>                         Routine failure.              Exit
-------------------------------------------------------------------------------

dictionary: system execution failed.
Following is the set of recorded exceptions:

******************************** Thread exception *****************************
In thread           Root thread            0x0 (thread id)
*******************************************************************************
-------------------------------------------------------------------------------
Class / Object      Routine                Nature of exception           Effect
-------------------------------------------------------------------------------
ARRAY               item @4                index_small_enough:          
<000000000431E6B8>                         Runtime check violated.       Fail
-------------------------------------------------------------------------------
ARRAY               item @4                                             
<000000000431E6B8>                         Routine failure.              Fail
-------------------------------------------------------------------------------
DICTIONARY          model @4                                            
<000000000431E668>                         Routine failure.              Fail
-------------------------------------------------------------------------------
DICTIONARY          make @5                empty_model:                 
<000000000431E668>                         Postcondition violated.       Fail
-------------------------------------------------------------------------------
DICTIONARY          make @5                                             
<000000000431E668>                         Routine failure.              Fail
-------------------------------------------------------------------------------
EXAMPLE_DICTIONARY_TESTS
                    make @1                
<000000000431E608>                         Routine failure.              Fail
-------------------------------------------------------------------------------
TEST_DICTIONARY     make @1                                             
<000000000431E5A8>                         Routine failure.              Fail
-------------------------------------------------------------------------------
TEST_DICTIONARY     root's creation                                     
<000000000431E5A8>                         Routine failure.              Exit
-------------------------------------------------------------------------------

dictionary: system execution failed.
Following is the set of recorded exceptions:

******************************** Thread exception *****************************
In thread           Root thread            0x0 (thread id)
*******************************************************************************
-------------------------------------------------------------------------------
Class / Object      Routine                Nature of exception           Effect
-------------------------------------------------------------------------------
ARRAY               item @4                index_small_enough:          
<00000000041D66B8>                         Runtime check violated.       Fail
-------------------------------------------------------------------------------
ARRAY               item @4                                             
<00000000041D66B8>                         Routine failure.              Fail
-------------------------------------------------------------------------------
DICTIONARY          model @4                                            
<00000000041D6668>                         Routine failure.              Fail
-------------------------------------------------------------------------------
DICTIONARY          make @5                empty_model:                 
<00000000041D6668>                         Postcondition violated.       Fail
-------------------------------------------------------------------------------
DICTIONARY          make @5                                             
<00000000041D6668>                         Routine failure.              Fail
-------------------------------------------------------------------------------
EXAMPLE_DICTIONARY_TESTS
                    make @1                
<00000000041D6608>                         Routine failure.              Fail
-------------------------------------------------------------------------------
TEST_DICTIONARY     make @1                                             
<00000000041D65A8>                         Routine failure.              Fail
-------------------------------------------------------------------------------
TEST_DICTIONARY     root's creation                                     
<00000000041D65A8>                         Routine failure.              Exit
-------------------------------------------------------------------------------

dictionary: system execution failed.
Following is the set of recorded exceptions:

******************************** Thread exception *****************************
In thread           Root thread            0x0 (thread id)
*******************************************************************************
-------------------------------------------------------------------------------
Class / Object      Routine                Nature of exception           Effect
-------------------------------------------------------------------------------
ARRAY               item @4                index_small_enough:          
<000000000409F6B8>                         Runtime check violated.       Fail
-------------------------------------------------------------------------------
ARRAY               item @4                                             
<000000000409F6B8>                         Routine failure.              Fail
-------------------------------------------------------------------------------
DICTIONARY          model @4                                            
<000000000409F668>                         Routine failure.              Fail
-------------------------------------------------------------------------------
DICTIONARY          make @5                empty_model:                 
<000000000409F668>                         Postcondition violated.       Fail
-------------------------------------------------------------------------------
DICTIONARY          make @5                                             
<000000000409F668>                         Routine failure.              Fail
-------------------------------------------------------------------------------
EXAMPLE_DICTIONARY_TESTS
                    make @1                
<000000000409F608>                         Routine failure.              Fail
-------------------------------------------------------------------------------
TEST_DICTIONARY     make @1                                             
<000000000409F5A8>                         Routine failure.              Fail
-------------------------------------------------------------------------------
TEST_DICTIONARY     root's creation                                     
<000000000409F5A8>                         Routine failure.              Exit
-------------------------------------------------------------------------------

dictionary: system execution failed.
Following is the set of recorded exceptions:

******************************** Thread exception *****************************
In thread           Root thread            0x0 (thread id)
*******************************************************************************
-------------------------------------------------------------------------------
Class / Object      Routine                Nature of exception           Effect
-------------------------------------------------------------------------------
ARRAY               item @4                index_small_enough:          
<0000000003FEA6B8>                         Runtime check violated.       Fail
-------------------------------------------------------------------------------
ARRAY               item @4                                             
<0000000003FEA6B8>                         Routine failure.              Fail
-------------------------------------------------------------------------------
DICTIONARY          model @4                                            
<0000000003FEA668>                         Routine failure.              Fail
-------------------------------------------------------------------------------
DICTIONARY          make @5                empty_model:                 
<0000000003FEA668>                         Postcondition violated.       Fail
-------------------------------------------------------------------------------
DICTIONARY          make @5                                             
<0000000003FEA668>                         Routine failure.              Fail
-------------------------------------------------------------------------------
EXAMPLE_DICTIONARY_TESTS
                    make @1                
<0000000003FEA608>                         Routine failure.              Fail
-------------------------------------------------------------------------------
TEST_DICTIONARY     make @1                                             
<0000000003FEA5A8>                         Routine failure.              Fail
-------------------------------------------------------------------------------
TEST_DICTIONARY     root's creation                                     
<0000000003FEA5A8>                         Routine failure.              Exit
-------------------------------------------------------------------------------

dictionary: system execution failed.
Following is the set of recorded exceptions:

******************************** Thread exception *****************************
In thread           Root thread            0x0 (thread id)
*******************************************************************************
-------------------------------------------------------------------------------
Class / Object      Routine                Nature of exception           Effect
-------------------------------------------------------------------------------
ARRAY               item @4                index_small_enough:          
<00000000042F86B8>                         Runtime check violated.       Fail
-------------------------------------------------------------------------------
ARRAY               item @4                                             
<00000000042F86B8>                         Routine failure.              Fail
-------------------------------------------------------------------------------
DICTIONARY          model @4                                            
<00000000042F8668>                         Routine failure.              Fail
-------------------------------------------------------------------------------
DICTIONARY          make @5                empty_model:                 
<00000000042F8668>                         Postcondition violated.       Fail
-------------------------------------------------------------------------------
DICTIONARY          make @5                                             
<00000000042F8668>                         Routine failure.              Fail
-------------------------------------------------------------------------------
EXAMPLE_DICTIONARY_TESTS
                    make @1                
<00000000042F8608>                         Routine failure.              Fail
-------------------------------------------------------------------------------
TEST_DICTIONARY     make @1                                             
<00000000042F85A8>                         Routine failure.              Fail
-------------------------------------------------------------------------------
TEST_DICTIONARY     root's creation                                     
<00000000042F85A8>                         Routine failure.              Exit
-------------------------------------------------------------------------------

dictionary: system execution failed.
Following is the set of recorded exceptions:

******************************** Thread exception *****************************
In thread           Root thread            0x0 (thread id)
*******************************************************************************
-------------------------------------------------------------------------------
Class / Object      Routine                Nature of exception           Effect
-------------------------------------------------------------------------------
ARRAY               item @4                index_small_enough:          
<00000000042C96B8>                         Runtime check violated.       Fail
-------------------------------------------------------------------------------
ARRAY               item @4                                             
<00000000042C96B8>                         Routine failure.              Fail
-------------------------------------------------------------------------------
DICTIONARY          model @4                                            
<00000000042C9668>                         Routine failure.              Fail
-------------------------------------------------------------------------------
DICTIONARY          make @5                empty_model:                 
<00000000042C9668>                         Postcondition violated.       Fail
-------------------------------------------------------------------------------
DICTIONARY          make @5                                             
<00000000042C9668>                         Routine failure.              Fail
-------------------------------------------------------------------------------
EXAMPLE_DICTIONARY_TESTS
                    make @1                
<00000000042C9608>                         Routine failure.              Fail
-------------------------------------------------------------------------------
TEST_DICTIONARY     make @1                                             
<00000000042C95A8>                         Routine failure.              Fail
-------------------------------------------------------------------------------
TEST_DICTIONARY     root's creation                                     
<00000000042C95A8>                         Routine failure.              Exit
-------------------------------------------------------------------------------

dictionary: system execution failed.
Following is the set of recorded exceptions:

******************************** Thread exception *****************************
In thread           Root thread            0x0 (thread id)
*******************************************************************************
-------------------------------------------------------------------------------
Class / Object      Routine                Nature of exception           Effect
-------------------------------------------------------------------------------
ARRAY               item @4                index_small_enough:          
<000000000419A6B8>                         Runtime check violated.       Fail
-------------------------------------------------------------------------------
ARRAY               item @4                                             
<000000000419A6B8>                         Routine failure.              Fail
-------------------------------------------------------------------------------
DICTIONARY          model @4                                            
<000000000419A668>                         Routine failure.              Fail
-------------------------------------------------------------------------------
DICTIONARY          make @5                empty_model:                 
<000000000419A668>                         Postcondition violated.       Fail
-------------------------------------------------------------------------------
DICTIONARY          make @5                                             
<000000000419A668>                         Routine failure.              Fail
-------------------------------------------------------------------------------
EXAMPLE_DICTIONARY_TESTS
                    make @1                
<000000000419A608>                         Routine failure.              Fail
-------------------------------------------------------------------------------
TEST_DICTIONARY     make @1                                             
<000000000419A5A8>                         Routine failure.              Fail
-------------------------------------------------------------------------------
TEST_DICTIONARY     root's creation                                     
<000000000419A5A8>                         Routine failure.              Exit
-------------------------------------------------------------------------------

dictionary: system execution failed.
Following is the set of recorded exceptions:

******************************** Thread exception *****************************
In thread           Root thread            0x0 (thread id)
*******************************************************************************
-------------------------------------------------------------------------------
Class / Object      Routine                Nature of exception           Effect
-------------------------------------------------------------------------------
ARRAY               item @4                index_small_enough:          
<00000000042E46B8>                         Runtime check violated.       Fail
-------------------------------------------------------------------------------
ARRAY               item @4                                             
<00000000042E46B8>                         Routine failure.              Fail
-------------------------------------------------------------------------------
DICTIONARY          model @4                                            
<00000000042E4668>                         Routine failure.              Fail
-------------------------------------------------------------------------------
DICTIONARY          make @5                empty_model:                 
<00000000042E4668>                         Postcondition violated.       Fail
-------------------------------------------------------------------------------
DICTIONARY          make @5                                             
<00000000042E4668>                         Routine failure.              Fail
-------------------------------------------------------------------------------
EXAMPLE_DICTIONARY_TESTS
                    make @1                
<00000000042E4608>                         Routine failure.              Fail
-------------------------------------------------------------------------------
TEST_DICTIONARY     make @1                                             
<00000000042E45A8>                         Routine failure.              Fail
-------------------------------------------------------------------------------
TEST_DICTIONARY     root's creation                                     
<00000000042E45A8>                         Routine failure.              Exit
-------------------------------------------------------------------------------

dictionary: system execution failed.
Following is the set of recorded exceptions:

******************************** Thread exception *****************************
In thread           Root thread            0x0 (thread id)
*******************************************************************************
-------------------------------------------------------------------------------
Class / Object      Routine                Nature of exception           Effect
-------------------------------------------------------------------------------
ARRAY               item @4                index_small_enough:          
<0000000003F646B8>                         Runtime check violated.       Fail
-------------------------------------------------------------------------------
ARRAY               item @4                                             
<0000000003F646B8>                         Routine failure.              Fail
-------------------------------------------------------------------------------
DICTIONARY          model @4                                            
<0000000003F64668>                         Routine failure.              Fail
-------------------------------------------------------------------------------
DICTIONARY          make @5                empty_model:                 
<0000000003F64668>                         Postcondition violated.       Fail
-------------------------------------------------------------------------------
DICTIONARY          make @5                                             
<0000000003F64668>                         Routine failure.              Fail
-------------------------------------------------------------------------------
EXAMPLE_DICTIONARY_TESTS
                    make @1                
<0000000003F64608>                         Routine failure.              Fail
-------------------------------------------------------------------------------
TEST_DICTIONARY     make @1                                             
<0000000003F645A8>                         Routine failure.              Fail
-------------------------------------------------------------------------------
TEST_DICTIONARY     root's creation                                     
<0000000003F645A8>                         Routine failure.              Exit
-------------------------------------------------------------------------------
